{"/Users/allentaylor/Repos/rn-testing-app/eslint.config.js": {"path":"/Users/allentaylor/Repos/rn-testing-app/eslint.config.js","statementMap":{"0":{"start":{"line":2,"column":25},"end":{"line":2,"column":49}},"1":{"start":{"line":3,"column":19},"end":{"line":3,"column":53}},"2":{"start":{"line":5,"column":0},"end":{"line":10,"column":3}}},"fnMap":{},"branchMap":{},"s":{"0":0,"1":0,"2":0},"f":{},"b":{}}
,"/Users/allentaylor/Repos/rn-testing-app/app/_layout.tsx": {"path":"/Users/allentaylor/Repos/rn-testing-app/app/_layout.tsx","statementMap":{"0":{"start":{"line":13,"column":0},"end":{"line":13,"column":36}},"1":{"start":{"line":16,"column":26},"end":{"line":19,"column":4}},"2":{"start":{"line":22,"column":2},"end":{"line":24,"column":14}},"3":{"start":{"line":23,"column":4},"end":{"line":23,"column":27}},"4":{"start":{"line":23,"column":15},"end":{"line":23,"column":27}},"5":{"start":{"line":26,"column":2},"end":{"line":30,"column":15}},"6":{"start":{"line":27,"column":4},"end":{"line":29,"column":5}},"7":{"start":{"line":28,"column":6},"end":{"line":28,"column":31}},"8":{"start":{"line":32,"column":2},"end":{"line":34,"column":3}},"9":{"start":{"line":33,"column":4},"end":{"line":33,"column":16}},"10":{"start":{"line":36,"column":2},"end":{"line":36,"column":27}},"11":{"start":{"line":40,"column":2},"end":{"line":44,"column":4}}},"fnMap":{"0":{"name":"RootLayout","decl":{"start":{"line":15,"column":24},"end":{"line":15,"column":34}},"loc":{"start":{"line":15,"column":37},"end":{"line":37,"column":1}},"line":15},"1":{"name":"(anonymous_1)","decl":{"start":{"line":22,"column":12},"end":{"line":22,"column":13}},"loc":{"start":{"line":22,"column":18},"end":{"line":24,"column":3}},"line":22},"2":{"name":"(anonymous_2)","decl":{"start":{"line":26,"column":12},"end":{"line":26,"column":13}},"loc":{"start":{"line":26,"column":18},"end":{"line":30,"column":3}},"line":26},"3":{"name":"RootLayoutNav","decl":{"start":{"line":39,"column":9},"end":{"line":39,"column":22}},"loc":{"start":{"line":39,"column":25},"end":{"line":45,"column":1}},"line":39}},"branchMap":{"0":{"loc":{"start":{"line":23,"column":4},"end":{"line":23,"column":27}},"type":"if","locations":[{"start":{"line":23,"column":4},"end":{"line":23,"column":27}},{"start":{},"end":{}}],"line":23},"1":{"loc":{"start":{"line":27,"column":4},"end":{"line":29,"column":5}},"type":"if","locations":[{"start":{"line":27,"column":4},"end":{"line":29,"column":5}},{"start":{},"end":{}}],"line":27},"2":{"loc":{"start":{"line":32,"column":2},"end":{"line":34,"column":3}},"type":"if","locations":[{"start":{"line":32,"column":2},"end":{"line":34,"column":3}},{"start":{},"end":{}}],"line":32}},"s":{"0":0,"1":0,"2":0,"3":0,"4":0,"5":0,"6":0,"7":0,"8":0,"9":0,"10":0,"11":0},"f":{"0":0,"1":0,"2":0,"3":0},"b":{"0":[0,0],"1":[0,0],"2":[0,0]}}
,"/Users/allentaylor/Repos/rn-testing-app/app/(tabs)/_layout.tsx": {"path":"/Users/allentaylor/Repos/rn-testing-app/app/(tabs)/_layout.tsx","statementMap":{"0":{"start":{"line":10,"column":2},"end":{"line":10,"column":75}},"1":{"start":{"line":14,"column":2},"end":{"line":31,"column":4}},"2":{"start":{"line":20,"column":37},"end":{"line":20,"column":77}},"3":{"start":{"line":27,"column":37},"end":{"line":27,"column":77}}},"fnMap":{"0":{"name":"TabBarIcon","decl":{"start":{"line":6,"column":9},"end":{"line":6,"column":19}},"loc":{"start":{"line":9,"column":3},"end":{"line":11,"column":1}},"line":9},"1":{"name":"TabLayout","decl":{"start":{"line":13,"column":24},"end":{"line":13,"column":33}},"loc":{"start":{"line":13,"column":36},"end":{"line":32,"column":1}},"line":13},"2":{"name":"(anonymous_2)","decl":{"start":{"line":20,"column":22},"end":{"line":20,"column":23}},"loc":{"start":{"line":20,"column":37},"end":{"line":20,"column":77}},"line":20},"3":{"name":"(anonymous_3)","decl":{"start":{"line":27,"column":22},"end":{"line":27,"column":23}},"loc":{"start":{"line":27,"column":37},"end":{"line":27,"column":77}},"line":27}},"branchMap":{},"s":{"0":0,"1":0,"2":0,"3":0},"f":{"0":0,"1":0,"2":0,"3":0},"b":{}}
,"/Users/allentaylor/Repos/rn-testing-app/app/(tabs)/index.tsx": {"path":"/Users/allentaylor/Repos/rn-testing-app/app/(tabs)/index.tsx","statementMap":{"0":{"start":{"line":6,"column":30},"end":{"line":6,"column":50}},"1":{"start":{"line":8,"column":2},"end":{"line":34,"column":4}},"2":{"start":{"line":24,"column":34},"end":{"line":24,"column":49}},"3":{"start":{"line":37,"column":15},"end":{"line":53,"column":2}}},"fnMap":{"0":{"name":"TabOneScreen","decl":{"start":{"line":5,"column":24},"end":{"line":5,"column":36}},"loc":{"start":{"line":5,"column":39},"end":{"line":35,"column":1}},"line":5},"1":{"name":"(anonymous_1)","decl":{"start":{"line":24,"column":24},"end":{"line":24,"column":25}},"loc":{"start":{"line":24,"column":34},"end":{"line":24,"column":49}},"line":24}},"branchMap":{"0":{"loc":{"start":{"line":27,"column":7},"end":{"line":31,"column":7}},"type":"binary-expr","locations":[{"start":{"line":27,"column":7},"end":{"line":27,"column":20}},{"start":{"line":28,"column":8},"end":{"line":30,"column":15}}],"line":27}},"s":{"0":7,"1":7,"2":1,"3":2},"f":{"0":7,"1":1},"b":{"0":[7,1]},"_coverageSchema":"1a1c01bbd47fc00a2c39e90264f33305004495a9","hash":"8da79462fe28c61602eb62dc165d4f252919e970"}
,"/Users/allentaylor/Repos/rn-testing-app/app/(tabs)/two.tsx": {"path":"/Users/allentaylor/Repos/rn-testing-app/app/(tabs)/two.tsx","statementMap":{"0":{"start":{"line":16,"column":34},"end":{"line":16,"column":57}},"1":{"start":{"line":18,"column":23},"end":{"line":21,"column":3}},"2":{"start":{"line":19,"column":21},"end":{"line":19,"column":40}},"3":{"start":{"line":20,"column":4},"end":{"line":20,"column":26}},"4":{"start":{"line":23,"column":53},"end":{"line":29,"column":3}},"5":{"start":{"line":24,"column":4},"end":{"line":28,"column":23}},"6":{"start":{"line":31,"column":2},"end":{"line":42,"column":4}},"7":{"start":{"line":38,"column":32},"end":{"line":38,"column":50}},"8":{"start":{"line":45,"column":15},"end":{"line":73,"column":2}}},"fnMap":{"0":{"name":"TabTwoScreen","decl":{"start":{"line":15,"column":24},"end":{"line":15,"column":36}},"loc":{"start":{"line":15,"column":39},"end":{"line":43,"column":1}},"line":15},"1":{"name":"(anonymous_1)","decl":{"start":{"line":18,"column":23},"end":{"line":18,"column":24}},"loc":{"start":{"line":18,"column":35},"end":{"line":21,"column":3}},"line":18},"2":{"name":"(anonymous_2)","decl":{"start":{"line":23,"column":53},"end":{"line":23,"column":54}},"loc":{"start":{"line":24,"column":4},"end":{"line":28,"column":23}},"line":24},"3":{"name":"(anonymous_3)","decl":{"start":{"line":38,"column":22},"end":{"line":38,"column":23}},"loc":{"start":{"line":38,"column":32},"end":{"line":38,"column":50}},"line":38}},"branchMap":{},"s":{"0":0,"1":0,"2":0,"3":0,"4":0,"5":0,"6":0,"7":0,"8":0},"f":{"0":0,"1":0,"2":0,"3":0},"b":{}}
,"/Users/allentaylor/Repos/rn-testing-app/components/GalacticCounter.tsx": {"path":"/Users/allentaylor/Repos/rn-testing-app/components/GalacticCounter.tsx","statementMap":{"0":{"start":{"line":4,"column":24},"end":{"line":18,"column":1}},"1":{"start":{"line":5,"column":28},"end":{"line":5,"column":47}},"2":{"start":{"line":6,"column":18},"end":{"line":6,"column":54}},"3":{"start":{"line":6,"column":24},"end":{"line":6,"column":54}},"4":{"start":{"line":6,"column":44},"end":{"line":6,"column":53}},"5":{"start":{"line":7,"column":23},"end":{"line":7,"column":59}},"6":{"start":{"line":7,"column":29},"end":{"line":7,"column":59}},"7":{"start":{"line":7,"column":49},"end":{"line":7,"column":58}},"8":{"start":{"line":9,"column":2},"end":{"line":17,"column":4}},"9":{"start":{"line":20,"column":15},"end":{"line":30,"column":2}}},"fnMap":{"0":{"name":"(anonymous_0)","decl":{"start":{"line":4,"column":24},"end":{"line":4,"column":25}},"loc":{"start":{"line":4,"column":30},"end":{"line":18,"column":1}},"line":4},"1":{"name":"(anonymous_1)","decl":{"start":{"line":6,"column":18},"end":{"line":6,"column":19}},"loc":{"start":{"line":6,"column":24},"end":{"line":6,"column":54}},"line":6},"2":{"name":"(anonymous_2)","decl":{"start":{"line":6,"column":33},"end":{"line":6,"column":34}},"loc":{"start":{"line":6,"column":44},"end":{"line":6,"column":53}},"line":6},"3":{"name":"(anonymous_3)","decl":{"start":{"line":7,"column":23},"end":{"line":7,"column":24}},"loc":{"start":{"line":7,"column":29},"end":{"line":7,"column":59}},"line":7},"4":{"name":"(anonymous_4)","decl":{"start":{"line":7,"column":38},"end":{"line":7,"column":39}},"loc":{"start":{"line":7,"column":49},"end":{"line":7,"column":58}},"line":7}},"branchMap":{},"s":{"0":3,"1":13,"2":13,"3":2,"4":2,"5":13,"6":3,"7":3,"8":13,"9":3},"f":{"0":13,"1":2,"2":2,"3":3,"4":3},"b":{},"_coverageSchema":"1a1c01bbd47fc00a2c39e90264f33305004495a9","hash":"f34f58307491bf10bed2f2aead418b98dffbb4d6"}
,"/Users/allentaylor/Repos/rn-testing-app/constants/Colors.ts": {"path":"/Users/allentaylor/Repos/rn-testing-app/constants/Colors.ts","statementMap":{"0":{"start":{"line":1,"column":23},"end":{"line":1,"column":32}},"1":{"start":{"line":2,"column":22},"end":{"line":2,"column":28}}},"fnMap":{},"branchMap":{},"s":{"0":0,"1":0},"f":{},"b":{}}
,"/Users/allentaylor/Repos/rn-testing-app/hooks/use-color-scheme.ts": {"path":"/Users/allentaylor/Repos/rn-testing-app/hooks/use-color-scheme.ts","statementMap":{},"fnMap":{},"branchMap":{},"s":{},"f":{},"b":{}}
,"/Users/allentaylor/Repos/rn-testing-app/hooks/use-color-scheme.web.ts": {"path":"/Users/allentaylor/Repos/rn-testing-app/hooks/use-color-scheme.web.ts","statementMap":{"0":{"start":{"line":8,"column":40},"end":{"line":8,"column":55}},"1":{"start":{"line":10,"column":2},"end":{"line":12,"column":9}},"2":{"start":{"line":11,"column":4},"end":{"line":11,"column":25}},"3":{"start":{"line":14,"column":22},"end":{"line":14,"column":40}},"4":{"start":{"line":16,"column":2},"end":{"line":18,"column":3}},"5":{"start":{"line":17,"column":4},"end":{"line":17,"column":23}},"6":{"start":{"line":20,"column":2},"end":{"line":20,"column":17}}},"fnMap":{"0":{"name":"useColorScheme","decl":{"start":{"line":7,"column":16},"end":{"line":7,"column":30}},"loc":{"start":{"line":7,"column":33},"end":{"line":21,"column":1}},"line":7},"1":{"name":"(anonymous_1)","decl":{"start":{"line":10,"column":12},"end":{"line":10,"column":13}},"loc":{"start":{"line":10,"column":18},"end":{"line":12,"column":3}},"line":10}},"branchMap":{"0":{"loc":{"start":{"line":16,"column":2},"end":{"line":18,"column":3}},"type":"if","locations":[{"start":{"line":16,"column":2},"end":{"line":18,"column":3}},{"start":{},"end":{}}],"line":16}},"s":{"0":0,"1":0,"2":0,"3":0,"4":0,"5":0,"6":0},"f":{"0":0,"1":0},"b":{"0":[0,0]}}
,"/Users/allentaylor/Repos/rn-testing-app/hooks/use-theme-color.ts": {"path":"/Users/allentaylor/Repos/rn-testing-app/hooks/use-theme-color.ts","statementMap":{"0":{"start":{"line":13,"column":16},"end":{"line":13,"column":43}},"1":{"start":{"line":14,"column":25},"end":{"line":14,"column":37}},"2":{"start":{"line":16,"column":2},"end":{"line":20,"column":3}},"3":{"start":{"line":17,"column":4},"end":{"line":17,"column":26}},"4":{"start":{"line":19,"column":4},"end":{"line":19,"column":36}}},"fnMap":{"0":{"name":"useThemeColor","decl":{"start":{"line":9,"column":16},"end":{"line":9,"column":29}},"loc":{"start":{"line":12,"column":2},"end":{"line":21,"column":1}},"line":12}},"branchMap":{"0":{"loc":{"start":{"line":13,"column":16},"end":{"line":13,"column":43}},"type":"binary-expr","locations":[{"start":{"line":13,"column":16},"end":{"line":13,"column":32}},{"start":{"line":13,"column":36},"end":{"line":13,"column":43}}],"line":13},"1":{"loc":{"start":{"line":16,"column":2},"end":{"line":20,"column":3}},"type":"if","locations":[{"start":{"line":16,"column":2},"end":{"line":20,"column":3}},{"start":{"line":18,"column":9},"end":{"line":20,"column":3}}],"line":16}},"s":{"0":0,"1":0,"2":0,"3":0,"4":0},"f":{"0":0},"b":{"0":[0,0],"1":[0,0]}}
,"/Users/allentaylor/Repos/rn-testing-app/scripts/reset-project.js": {"path":"/Users/allentaylor/Repos/rn-testing-app/scripts/reset-project.js","statementMap":{"0":{"start":{"line":9,"column":11},"end":{"line":9,"column":24}},"1":{"start":{"line":10,"column":13},"end":{"line":10,"column":28}},"2":{"start":{"line":11,"column":17},"end":{"line":11,"column":36}},"3":{"start":{"line":13,"column":13},"end":{"line":13,"column":26}},"4":{"start":{"line":14,"column":16},"end":{"line":14,"column":70}},"5":{"start":{"line":15,"column":19},"end":{"line":15,"column":32}},"6":{"start":{"line":16,"column":18},"end":{"line":16,"column":23}},"7":{"start":{"line":17,"column":23},"end":{"line":17,"column":50}},"8":{"start":{"line":19,"column":21},"end":{"line":34,"column":1}},"9":{"start":{"line":36,"column":22},"end":{"line":41,"column":1}},"10":{"start":{"line":43,"column":11},"end":{"line":46,"column":2}},"11":{"start":{"line":48,"column":24},"end":{"line":99,"column":1}},"12":{"start":{"line":49,"column":2},"end":{"line":98,"column":3}},"13":{"start":{"line":50,"column":4},"end":{"line":54,"column":5}},"14":{"start":{"line":52,"column":6},"end":{"line":52,"column":67}},"15":{"start":{"line":53,"column":6},"end":{"line":53,"column":58}},"16":{"start":{"line":57,"column":4},"end":{"line":71,"column":5}},"17":{"start":{"line":58,"column":25},"end":{"line":58,"column":45}},"18":{"start":{"line":59,"column":6},"end":{"line":70,"column":7}},"19":{"start":{"line":60,"column":8},"end":{"line":67,"column":9}},"20":{"start":{"line":61,"column":29},"end":{"line":61,"column":61}},"21":{"start":{"line":62,"column":10},"end":{"line":62,"column":59}},"22":{"start":{"line":63,"column":10},"end":{"line":63,"column":68}},"23":{"start":{"line":65,"column":10},"end":{"line":65,"column":77}},"24":{"start":{"line":66,"column":10},"end":{"line":66,"column":44}},"25":{"start":{"line":69,"column":8},"end":{"line":69,"column":60}},"26":{"start":{"line":74,"column":26},"end":{"line":74,"column":52}},"27":{"start":{"line":75,"column":4},"end":{"line":75,"column":64}},"28":{"start":{"line":76,"column":4},"end":{"line":76,"column":52}},"29":{"start":{"line":79,"column":22},"end":{"line":79,"column":59}},"30":{"start":{"line":80,"column":4},"end":{"line":80,"column":57}},"31":{"start":{"line":81,"column":4},"end":{"line":81,"column":45}},"32":{"start":{"line":84,"column":23},"end":{"line":84,"column":62}},"33":{"start":{"line":85,"column":4},"end":{"line":85,"column":59}},"34":{"start":{"line":86,"column":4},"end":{"line":86,"column":47}},"35":{"start":{"line":88,"column":4},"end":{"line":88,"column":59}},"36":{"start":{"line":89,"column":4},"end":{"line":95,"column":6}},"37":{"start":{"line":97,"column":4},"end":{"line":97,"column":71}},"38":{"start":{"line":101,"column":0},"end":{"line":112,"column":2}},"39":{"start":{"line":104,"column":22},"end":{"line":104,"column":56}},"40":{"start":{"line":105,"column":4},"end":{"line":110,"column":5}},"41":{"start":{"line":106,"column":6},"end":{"line":106,"column":59}},"42":{"start":{"line":106,"column":47},"end":{"line":106,"column":57}},"43":{"start":{"line":108,"column":6},"end":{"line":108,"column":63}},"44":{"start":{"line":109,"column":6},"end":{"line":109,"column":17}}},"fnMap":{"0":{"name":"(anonymous_0)","decl":{"start":{"line":48,"column":24},"end":{"line":48,"column":25}},"loc":{"start":{"line":48,"column":45},"end":{"line":99,"column":1}},"line":48},"1":{"name":"(anonymous_1)","decl":{"start":{"line":103,"column":2},"end":{"line":103,"column":3}},"loc":{"start":{"line":103,"column":14},"end":{"line":111,"column":3}},"line":103},"2":{"name":"(anonymous_2)","decl":{"start":{"line":106,"column":41},"end":{"line":106,"column":42}},"loc":{"start":{"line":106,"column":47},"end":{"line":106,"column":57}},"line":106}},"branchMap":{"0":{"loc":{"start":{"line":50,"column":4},"end":{"line":54,"column":5}},"type":"if","locations":[{"start":{"line":50,"column":4},"end":{"line":54,"column":5}},{"start":{},"end":{}}],"line":50},"1":{"loc":{"start":{"line":59,"column":6},"end":{"line":70,"column":7}},"type":"if","locations":[{"start":{"line":59,"column":6},"end":{"line":70,"column":7}},{"start":{"line":68,"column":13},"end":{"line":70,"column":7}}],"line":59},"2":{"loc":{"start":{"line":60,"column":8},"end":{"line":67,"column":9}},"type":"if","locations":[{"start":{"line":60,"column":8},"end":{"line":67,"column":9}},{"start":{"line":64,"column":15},"end":{"line":67,"column":9}}],"line":60},"3":{"loc":{"start":{"line":91,"column":8},"end":{"line":93,"column":14}},"type":"cond-expr","locations":[{"start":{"line":92,"column":12},"end":{"line":92,"column":87}},{"start":{"line":93,"column":12},"end":{"line":93,"column":14}}],"line":91},"4":{"loc":{"start":{"line":104,"column":22},"end":{"line":104,"column":56}},"type":"binary-expr","locations":[{"start":{"line":104,"column":22},"end":{"line":104,"column":49}},{"start":{"line":104,"column":53},"end":{"line":104,"column":56}}],"line":104},"5":{"loc":{"start":{"line":105,"column":4},"end":{"line":110,"column":5}},"type":"if","locations":[{"start":{"line":105,"column":4},"end":{"line":110,"column":5}},{"start":{"line":107,"column":11},"end":{"line":110,"column":5}}],"line":105},"6":{"loc":{"start":{"line":105,"column":8},"end":{"line":105,"column":46}},"type":"binary-expr","locations":[{"start":{"line":105,"column":8},"end":{"line":105,"column":25}},{"start":{"line":105,"column":29},"end":{"line":105,"column":46}}],"line":105}},"s":{"0":0,"1":0,"2":0,"3":0,"4":0,"5":0,"6":0,"7":0,"8":0,"9":0,"10":0,"11":0,"12":0,"13":0,"14":0,"15":0,"16":0,"17":0,"18":0,"19":0,"20":0,"21":0,"22":0,"23":0,"24":0,"25":0,"26":0,"27":0,"28":0,"29":0,"30":0,"31":0,"32":0,"33":0,"34":0,"35":0,"36":0,"37":0,"38":0,"39":0,"40":0,"41":0,"42":0,"43":0,"44":0},"f":{"0":0,"1":0,"2":0},"b":{"0":[0,0],"1":[0,0],"2":[0,0],"3":[0,0],"4":[0,0],"5":[0,0],"6":[0,0]}}
,"/Users/allentaylor/Repos/rn-testing-app/utils/api.ts": {"path":"/Users/allentaylor/Repos/rn-testing-app/utils/api.ts","statementMap":{"0":{"start":{"line":10,"column":20},"end":{"line":14,"column":1}},"1":{"start":{"line":11,"column":19},"end":{"line":11,"column":67}},"2":{"start":{"line":12,"column":15},"end":{"line":12,"column":36}},"3":{"start":{"line":13,"column":2},"end":{"line":13,"column":14}}},"fnMap":{"0":{"name":"(anonymous_0)","decl":{"start":{"line":10,"column":20},"end":{"line":10,"column":21}},"loc":{"start":{"line":10,"column":52},"end":{"line":14,"column":1}},"line":10}},"branchMap":{},"s":{"0":0,"1":0,"2":0,"3":0},"f":{"0":0},"b":{}}
,"/Users/allentaylor/Repos/rn-testing-app/utils/cart.ts": {"path":"/Users/allentaylor/Repos/rn-testing-app/utils/cart.ts","statementMap":{"0":{"start":{"line":3,"column":12},"end":{"line":3,"column":18}},"1":{"start":{"line":5,"column":19},"end":{"line":7,"column":1}},"2":{"start":{"line":6,"column":2},"end":{"line":6,"column":58}},"3":{"start":{"line":6,"column":37},"end":{"line":6,"column":53}},"4":{"start":{"line":9,"column":18},"end":{"line":16,"column":1}},"5":{"start":{"line":10,"column":2},"end":{"line":15,"column":3}},"6":{"start":{"line":11,"column":22},"end":{"line":11,"column":42}},"7":{"start":{"line":12,"column":4},"end":{"line":12,"column":47}},"8":{"start":{"line":14,"column":4},"end":{"line":14,"column":43}},"9":{"start":{"line":18,"column":17},"end":{"line":25,"column":1}},"10":{"start":{"line":19,"column":2},"end":{"line":24,"column":3}},"11":{"start":{"line":20,"column":22},"end":{"line":20,"column":53}},"12":{"start":{"line":21,"column":4},"end":{"line":21,"column":58}},"13":{"start":{"line":23,"column":4},"end":{"line":23,"column":43}}},"fnMap":{"0":{"name":"(anonymous_0)","decl":{"start":{"line":5,"column":19},"end":{"line":5,"column":20}},"loc":{"start":{"line":5,"column":37},"end":{"line":7,"column":1}},"line":5},"1":{"name":"(anonymous_1)","decl":{"start":{"line":6,"column":22},"end":{"line":6,"column":23}},"loc":{"start":{"line":6,"column":37},"end":{"line":6,"column":53}},"line":6},"2":{"name":"(anonymous_2)","decl":{"start":{"line":9,"column":18},"end":{"line":9,"column":19}},"loc":{"start":{"line":9,"column":39},"end":{"line":16,"column":1}},"line":9},"3":{"name":"(anonymous_3)","decl":{"start":{"line":18,"column":17},"end":{"line":18,"column":18}},"loc":{"start":{"line":18,"column":29},"end":{"line":25,"column":1}},"line":18}},"branchMap":{"0":{"loc":{"start":{"line":21,"column":11},"end":{"line":21,"column":57}},"type":"cond-expr","locations":[{"start":{"line":21,"column":31},"end":{"line":21,"column":52}},{"start":{"line":21,"column":55},"end":{"line":21,"column":57}}],"line":21}},"s":{"0":0,"1":0,"2":0,"3":0,"4":0,"5":0,"6":0,"7":0,"8":0,"9":0,"10":0,"11":0,"12":0,"13":0},"f":{"0":0,"1":0,"2":0,"3":0},"b":{"0":[0,0]}}
}
